c:\users\mahmoud\source\repos\project13\project13\debug\vc142.pdb
c:\users\mahmoud\source\repos\project13\project13\debug\.netframework,version=v4.7.2.assemblyattributes.obj
c:\users\mahmoud\source\repos\project13\project13\debug\startpage.obj
c:\users\mahmoud\source\repos\project13\project13\debug\adminboard.obj
c:\users\mahmoud\source\repos\project13\project13\debug\admin.obj
c:\users\mahmoud\source\repos\project13\project13\debug\userboard.obj
c:\users\mahmoud\source\repos\project13\project13\debug\regustins.obj
c:\users\mahmoud\source\repos\project13\project13\debug\login.obj
c:\users\mahmoud\source\repos\project13\project13\debug\shop.obj
c:\users\mahmoud\source\repos\project13\debug\project13.exe
c:\users\mahmoud\source\repos\project13\debug\project13.pdb
c:\users\mahmoud\source\repos\project13\project13\debug\project13.tlog\metagen.write.1.tlog
c:\users\mahmoud\source\repos\project13\debug\mysql.data.dll
c:\users\mahmoud\source\repos\project13\debug\google.protobuf.dll
c:\users\mahmoud\source\repos\project13\debug\bouncycastle.crypto.dll
c:\users\mahmoud\source\repos\project13\debug\ubiety.dns.core.dll
c:\users\mahmoud\source\repos\project13\debug\renci.sshnet.dll
c:\users\mahmoud\source\repos\project13\debug\mysql.data.xml
c:\users\mahmoud\source\repos\project13\project13\debug\project13.admin.resources
c:\users\mahmoud\source\repos\project13\project13\debug\project13.startpage.resources
c:\users\mahmoud\source\repos\project13\project13\debug\project13.adminboard.resources
c:\users\mahmoud\source\repos\project13\project13\debug\project13.login.resources
c:\users\mahmoud\source\repos\project13\project13\debug\project13.userboard.resources
c:\users\mahmoud\source\repos\project13\project13\debug\project13.regustins.resources
c:\users\mahmoud\source\repos\project13\project13\debug\project13.shop.resources
c:\users\mahmoud\source\repos\project13\project13\debug\project13.tlog\cl.command.1.tlog
c:\users\mahmoud\source\repos\project13\project13\debug\project13.tlog\cl.read.1.tlog
c:\users\mahmoud\source\repos\project13\project13\debug\project13.tlog\cl.write.1.tlog
c:\users\mahmoud\source\repos\project13\project13\debug\project13.tlog\link.command.1.tlog
c:\users\mahmoud\source\repos\project13\project13\debug\project13.tlog\link.read.1.tlog
c:\users\mahmoud\source\repos\project13\project13\debug\project13.tlog\link.write.1.tlog
c:\users\mahmoud\source\repos\project13\project13\debug\project13.tlog\metagen.read.1.tlog
c:\users\mahmoud\source\repos\project13\project13\debug\project13.tlog\project13.read.1u.tlog
c:\users\mahmoud\source\repos\project13\project13\debug\project13.tlog\project13.write.1u.tlog
c:\users\mahmoud\source\repos\project13\project13\debug\project13.tlog\mysql.data.dll.metagen
